[debug] > Exec(early(addDefaultCommands), None, None)
[debug] > Exec(addDefaultCommands, None, None)
[debug] > Exec(early(initialize), None, None)
[debug] > Exec(initialize, None, None)
[debug] > Exec(early(addPluginSbtFile="""C:\Users\35845\AppData\Local\Temp\idea.sbt"""), None, None)
[debug] > Exec(addPluginSbtFile="""C:\Users\35845\AppData\Local\Temp\idea.sbt""", None, None)
[debug] > Exec(boot, None, None)
[debug] > Exec(writeSbtVersion, None, None)
[debug] > Exec(reload, None, None)
[debug] > Exec(sbtStashOnFailure, None, None)
[debug] > Exec(onFailure loadFailed, None, None)
[debug] > Exec(loadp, None, None)
[info] welcome to sbt 1.4.7 (Oracle Corporation Java 1.8.0_281)
[debug]       Load.loadUnit: plugins took 72.6472ms
[debug]       Load.loadUnit: defsScala took 0.2695ms
[debug] [Loading] Scanning directory C:\Users\35845\.sbt\1.0\plugins
[debug] [Loading] Found non-root projects 
[debug] [Loading] Done in C:\Users\35845\.sbt\1.0\plugins, returning: ()
[debug] deducing auto plugins based on known facts Set(Atom(sbt.plugins.CorePlugin)) and clauses Clauses(List(Clause(Atom(sbt.plugins.JvmPlugin),Set(Atom(sbt.plugins.IvyPlugin))), Clause(Atom(sbt.ScriptedPlugin),Set(Atom(sbt.plugins.JvmPlugin))), Clause(Atom(sbt.plugins.SbtPlugin),Set(Atom(sbt.ScriptedPlugin))), Clause(Atom(sbt.plugins.SemanticdbPlugin),Set(Atom(sbt.plugins.JvmPlugin))), Clause(Atom(sbt.plugins.JUnitXmlReportPlugin),Set(Atom(sbt.plugins.JvmPlugin))), Clause(Atom(sbt.plugins.MiniDependencyTreePlugin),Set(Atom(sbt.plugins.JvmPlugin))), Clause(Atom(sbt.plugins.CorePlugin),Set(Atom(sbt.plugins.IvyPlugin))), Clause(Atom(sbt.plugins.IvyPlugin),Set(Atom(sbt.plugins.JvmPlugin))), Clause(Atom(sbt.plugins.JvmPlugin),Set(Atom(sbt.plugins.SemanticdbPlugin))), Clause(Atom(sbt.plugins.JvmPlugin),Set(Atom(sbt.plugins.JUnitXmlReportPlugin))), Clause(Atom(sbt.plugins.CorePlugin),Set(Atom(sbt.plugins.Giter8TemplatePlugin))), Clause(Atom(sbt.plugins.JvmPlugin),Set(Atom(sbt.plugins.MiniDependencyTreePlugin)))))
[debug]   :: deduced result: Matched(sbt.plugins.CorePlugin,sbt.plugins.Giter8TemplatePlugin,sbt.plugins.IvyPlugin,sbt.plugins.JvmPlugin,sbt.plugins.MiniDependencyTreePlugin,sbt.plugins.JUnitXmlReportPlugin,sbt.plugins.SemanticdbPlugin)
[debug] Plugins.deducer#function took 16.2702 ms
[debug]           Load.resolveProject(global-plugins) took 39.2721ms
[debug]         Load.loadTransitive: finalizeProject(Project(id global-plugins, base: C:\Users\35845\.sbt\1.0\plugins, plugins: List(<none>))) took 77.5972ms
[debug] [Loading] Done in C:\Users\35845\.sbt\1.0\plugins, returning: (global-plugins)
[debug]       Load.loadUnit: loadedProjectsRaw took 96.1346ms
[debug]       Load.loadUnit: cleanEvalClasses took 0.1774ms
[debug]     Load.loadUnit(file:/C:/Users/35845/.sbt/1.0/plugins/, ...) took 175.7254ms
[debug]   Load.apply: load took 318.8818ms
[debug]   Load.apply: resolveProjects took 4.6793ms
[debug]   Load.apply: finalTransforms took 42.984ms
[debug]   Load.apply: config.delegates took 5.3048ms
[debug]   Load.apply: Def.make(settings)... took 2171.2834ms
[debug]   Load.apply: structureIndex took 63.4382ms
[debug]   Load.apply: mkStreams took 1.5406ms
[info] loading global plugins from C:\Users\35845\.sbt\1.0\plugins
[debug] Running task... Cancel: Signal, check cycles: false, forcegc: true
[debug] Load.defaultLoad until apply took 4282.3386ms
[debug]           Load.loadUnit: plugins took 17.2851ms
[debug]           Load.loadUnit: defsScala took 0.0035ms
[debug] [Loading] Scanning directory C:\Users\35845\IdeaProjects\menus\project
[debug]             Load.loadUnit: mkEval took 7.0264ms
[debug] [Loading] Found non-root projects 
[debug] [Loading] Done in C:\Users\35845\IdeaProjects\menus\project, returning: ()
[debug] deducing auto plugins based on known facts Set(Atom(sbt.plugins.CorePlugin)) and clauses Clauses(List(Clause(Atom(sbt.plugins.JvmPlugin),Set(Atom(sbt.plugins.IvyPlugin))), Clause(Atom(sbt.ScriptedPlugin),Set(Atom(sbt.plugins.JvmPlugin))), Clause(Atom(sbt.plugins.SbtPlugin),Set(Atom(sbt.ScriptedPlugin))), Clause(Atom(sbt.plugins.SemanticdbPlugin),Set(Atom(sbt.plugins.JvmPlugin))), Clause(Atom(sbt.plugins.JUnitXmlReportPlugin),Set(Atom(sbt.plugins.JvmPlugin))), Clause(Atom(sbt.plugins.MiniDependencyTreePlugin),Set(Atom(sbt.plugins.JvmPlugin))), Clause(Atom(sbt.plugins.CorePlugin),Set(Atom(sbt.plugins.IvyPlugin))), Clause(Atom(sbt.plugins.IvyPlugin),Set(Atom(sbt.plugins.JvmPlugin))), Clause(Atom(sbt.plugins.JvmPlugin),Set(Atom(sbt.plugins.SemanticdbPlugin))), Clause(Atom(sbt.plugins.JvmPlugin),Set(Atom(sbt.plugins.JUnitXmlReportPlugin))), Clause(Atom(sbt.plugins.CorePlugin),Set(Atom(sbt.plugins.Giter8TemplatePlugin))), Clause(Atom(sbt.plugins.JvmPlugin),Set(Atom(sbt.plugins.MiniDependencyTreePlugin)))))
[debug]   :: deduced result: Matched(sbt.plugins.CorePlugin,sbt.plugins.Giter8TemplatePlugin,sbt.plugins.IvyPlugin,sbt.plugins.JvmPlugin,sbt.plugins.MiniDependencyTreePlugin,sbt.plugins.JUnitXmlReportPlugin,sbt.plugins.SemanticdbPlugin)
[debug] Plugins.deducer#function took 1.3286 ms
[info] loading settings for project menus-build from idea.sbt ...
[debug]               Load.resolveProject(menus-build) took 2.1291ms
[debug]             Load.loadTransitive: finalizeProject(Project(id menus-build, base: C:\Users\35845\IdeaProjects\menus\project, plugins: List(<none>))) took 4.1043ms
[debug] [Loading] Done in C:\Users\35845\IdeaProjects\menus\project, returning: (menus-build)
[debug]           Load.loadUnit: loadedProjectsRaw took 126.9519ms
[debug]           Load.loadUnit: cleanEvalClasses took 2.8829ms
[debug]         Load.loadUnit(file:/C:/Users/35845/IdeaProjects/menus/project/, ...) took 148.3703ms
[debug]       Load.apply: load took 149.3847ms
[debug]       Load.apply: resolveProjects took 0.0951ms
[debug]       Load.apply: finalTransforms took 6.527ms
[debug]       Load.apply: config.delegates took 0.3151ms
[debug]       Load.apply: Def.make(settings)... took 50.1146ms
[debug]       Load.apply: structureIndex took 22.4271ms
[debug]       Load.apply: mkStreams took 0.0018ms
[info] loading project definition from C:\Users\35845\IdeaProjects\menus\project
[debug] Running task... Cancel: Signal, check cycles: false, forcegc: true
[debug]     Load.loadUnit: plugins took 502.6703ms
[debug]     Load.loadUnit: defsScala took 0.003ms
[debug] [Loading] Scanning directory C:\Users\35845\IdeaProjects\menus
[debug]       Load.loadUnit: mkEval took 0.2073ms
[debug] [Loading] Found non-root projects 
[debug] [Loading] Done in C:\Users\35845\IdeaProjects\menus, returning: ()
[debug] deducing auto plugins based on known facts Set(Atom(sbt.plugins.CorePlugin)) and clauses Clauses(List(Clause(Atom(sbt.plugins.JvmPlugin),Set(Atom(sbt.plugins.IvyPlugin))), Clause(Atom(sbt.ScriptedPlugin),Set(Atom(sbt.plugins.JvmPlugin))), Clause(Atom(sbt.plugins.SbtPlugin),Set(Atom(sbt.ScriptedPlugin))), Clause(Atom(sbt.plugins.SemanticdbPlugin),Set(Atom(sbt.plugins.JvmPlugin))), Clause(Atom(sbt.plugins.JUnitXmlReportPlugin),Set(Atom(sbt.plugins.JvmPlugin))), Clause(Atom(sbt.plugins.MiniDependencyTreePlugin),Set(Atom(sbt.plugins.JvmPlugin))), Clause(Atom(org.jetbrains.sbt.StructurePlugin),Set(Atom(sbt.plugins.JvmPlugin))), Clause(Atom(org.jetbrains.sbt.IdeaShellPlugin),Set(Atom(sbt.plugins.JvmPlugin))), Clause(Atom(org.jetbrains.sbt.indices.SbtIntellijIndicesPlugin),Set(Atom(sbt.plugins.JvmPlugin))), Clause(Atom(sbt.plugins.CorePlugin),Set(Atom(sbt.plugins.IvyPlugin))), Clause(Atom(sbt.plugins.IvyPlugin),Set(Atom(sbt.plugins.JvmPlugin))), Clause(Atom(sbt.plugins.JvmPlugin),Set(Atom(sbt.plugins.SemanticdbPlugin))), Clause(Atom(sbt.plugins.JvmPlugin),Set(Atom(sbt.plugins.JUnitXmlReportPlugin))), Clause(Atom(sbt.plugins.CorePlugin),Set(Atom(sbt.plugins.Giter8TemplatePlugin))), Clause(Atom(sbt.plugins.JvmPlugin),Set(Atom(sbt.plugins.MiniDependencyTreePlugin))), Clause(Atom(sbt.plugins.JvmPlugin),Set(Atom(org.jetbrains.sbt.StructurePlugin))), Clause(Atom(sbt.plugins.JvmPlugin),Set(Atom(org.jetbrains.sbt.IdeaShellPlugin))), Clause(And(Set(Atom(sbt.plugins.CorePlugin), Atom(sbt.plugins.JvmPlugin))),Set(Atom(org.jetbrains.sbt.indices.SbtIntellijIndicesPlugin)))))
[debug]   :: deduced result: Matched(sbt.plugins.CorePlugin,sbt.plugins.Giter8TemplatePlugin,sbt.plugins.IvyPlugin,sbt.plugins.JvmPlugin,sbt.plugins.SemanticdbPlugin,org.jetbrains.sbt.indices.SbtIntellijIndicesPlugin,sbt.plugins.JUnitXmlReportPlugin,org.jetbrains.sbt.IdeaShellPlugin,org.jetbrains.sbt.StructurePlugin,sbt.plugins.MiniDependencyTreePlugin)
[debug] Plugins.deducer#function took 1.6381 ms
[info] loading settings for project menus from build.sbt ...
[debug]         Load.resolveProject(menus) took 40.2658ms
[debug]       Load.loadTransitive: finalizeProject(Project(id menus, base: C:\Users\35845\IdeaProjects\menus, plugins: List(<none>))) took 42.9251ms
[debug] [Loading] Done in C:\Users\35845\IdeaProjects\menus, returning: (menus)
[debug]     Load.loadUnit: loadedProjectsRaw took 77.4447ms
[debug]     Load.loadUnit: cleanEvalClasses took 3.9825ms
[debug]   Load.loadUnit(file:/C:/Users/35845/IdeaProjects/menus/, ...) took 585.0958ms
[debug] Load.apply: load took 586.3252ms
[debug] Load.apply: resolveProjects took 0.0817ms
[debug] Load.apply: finalTransforms took 16.0436ms
[debug] Load.apply: config.delegates took 0.2587ms
[debug] Load.apply: Def.make(settings)... took 42.6302ms
[debug] Load.apply: structureIndex took 15.3231ms
[debug] Load.apply: mkStreams took 0.0026ms
[info] set current project to menus (in build file:/C:/Users/35845/IdeaProjects/menus/)
[debug] > Exec(sbtPopOnFailure, None, None)
[debug] > Exec(resumeFromFailure, None, None)
[debug] > Exec(notifyUsersAboutShell, None, None)
[debug] > Exec(iflast shell, None, None)
[debug] > Exec(; set ideaPort in Global := 57751 ; idea-shell, None, None)
[debug] > Exec(set ideaPort in Global := 57751, None, None)
[info] Defining Global / ideaPort
[info] The new value will be used by Compile / compile, Test / compile
[debug] Defining 
[debug] 	Global / ideaPort
[debug] 
[debug] The new value will be used by 
[debug] 	Compile / compile
[debug] 	Test / compile
[info] Reapplying settings...
[info] set current project to menus (in build file:/C:/Users/35845/IdeaProjects/menus/)
[debug] > Exec(idea-shell, None, None)
