[debug] > Exec(early(addDefaultCommands), None, None)
[debug] > Exec(addDefaultCommands, None, None)
[debug] > Exec(early(initialize), None, None)
[debug] > Exec(initialize, None, None)
[debug] > Exec(early(addPluginSbtFile="""C:\Users\35845\AppData\Local\Temp\idea.sbt"""), None, None)
[debug] > Exec(addPluginSbtFile="""C:\Users\35845\AppData\Local\Temp\idea.sbt""", None, None)
[debug] > Exec(boot, None, None)
[debug] > Exec(writeSbtVersion, None, None)
[debug] > Exec(reload, None, None)
[debug] > Exec(sbtStashOnFailure, None, None)
[debug] > Exec(onFailure loadFailed, None, None)
[debug] > Exec(loadp, None, None)
[info] welcome to sbt 1.4.7 (Oracle Corporation Java 1.8.0_281)
[debug]       Load.loadUnit: plugins took 65.2892ms
[debug]       Load.loadUnit: defsScala took 0.2068ms
[debug] [Loading] Scanning directory C:\Users\35845\.sbt\1.0\plugins
[debug] [Loading] Found non-root projects 
[debug] [Loading] Done in C:\Users\35845\.sbt\1.0\plugins, returning: ()
[debug] deducing auto plugins based on known facts Set(Atom(sbt.plugins.CorePlugin)) and clauses Clauses(List(Clause(Atom(sbt.plugins.JvmPlugin),Set(Atom(sbt.plugins.IvyPlugin))), Clause(Atom(sbt.ScriptedPlugin),Set(Atom(sbt.plugins.JvmPlugin))), Clause(Atom(sbt.plugins.SbtPlugin),Set(Atom(sbt.ScriptedPlugin))), Clause(Atom(sbt.plugins.SemanticdbPlugin),Set(Atom(sbt.plugins.JvmPlugin))), Clause(Atom(sbt.plugins.JUnitXmlReportPlugin),Set(Atom(sbt.plugins.JvmPlugin))), Clause(Atom(sbt.plugins.MiniDependencyTreePlugin),Set(Atom(sbt.plugins.JvmPlugin))), Clause(Atom(sbt.plugins.CorePlugin),Set(Atom(sbt.plugins.IvyPlugin))), Clause(Atom(sbt.plugins.IvyPlugin),Set(Atom(sbt.plugins.JvmPlugin))), Clause(Atom(sbt.plugins.JvmPlugin),Set(Atom(sbt.plugins.SemanticdbPlugin))), Clause(Atom(sbt.plugins.JvmPlugin),Set(Atom(sbt.plugins.JUnitXmlReportPlugin))), Clause(Atom(sbt.plugins.CorePlugin),Set(Atom(sbt.plugins.Giter8TemplatePlugin))), Clause(Atom(sbt.plugins.JvmPlugin),Set(Atom(sbt.plugins.MiniDependencyTreePlugin)))))
[debug]   :: deduced result: Matched(sbt.plugins.CorePlugin,sbt.plugins.Giter8TemplatePlugin,sbt.plugins.IvyPlugin,sbt.plugins.JvmPlugin,sbt.plugins.MiniDependencyTreePlugin,sbt.plugins.JUnitXmlReportPlugin,sbt.plugins.SemanticdbPlugin)
[debug] Plugins.deducer#function took 14.1523 ms
[debug]           Load.resolveProject(global-plugins) took 35.1406ms
[debug]         Load.loadTransitive: finalizeProject(Project(id global-plugins, base: C:\Users\35845\.sbt\1.0\plugins, plugins: List(<none>))) took 68.1813ms
[debug] [Loading] Done in C:\Users\35845\.sbt\1.0\plugins, returning: (global-plugins)
[debug]       Load.loadUnit: loadedProjectsRaw took 83.6245ms
[debug]       Load.loadUnit: cleanEvalClasses took 0.1745ms
[debug]     Load.loadUnit(file:/C:/Users/35845/.sbt/1.0/plugins/, ...) took 154.0403ms
[debug]   Load.apply: load took 286.7887ms
[debug]   Load.apply: resolveProjects took 4.2431ms
[debug]   Load.apply: finalTransforms took 38.8012ms
[debug]   Load.apply: config.delegates took 5.1976ms
[debug]   Load.apply: Def.make(settings)... took 2199.504ms
[debug]   Load.apply: structureIndex took 71.4634ms
[debug]   Load.apply: mkStreams took 1.3484ms
[info] loading global plugins from C:\Users\35845\.sbt\1.0\plugins
[debug] Running task... Cancel: Signal, check cycles: false, forcegc: true
[debug] Load.defaultLoad until apply took 4061.0112ms
[debug]           Load.loadUnit: plugins took 17.695ms
[debug]           Load.loadUnit: defsScala took 0.0025ms
[debug] [Loading] Scanning directory C:\Users\35845\IdeaProjects\menus\project
[debug]             Load.loadUnit: mkEval took 5.1689ms
[debug] [Loading] Found non-root projects 
[debug] [Loading] Done in C:\Users\35845\IdeaProjects\menus\project, returning: ()
[debug] deducing auto plugins based on known facts Set(Atom(sbt.plugins.CorePlugin)) and clauses Clauses(List(Clause(Atom(sbt.plugins.JvmPlugin),Set(Atom(sbt.plugins.IvyPlugin))), Clause(Atom(sbt.ScriptedPlugin),Set(Atom(sbt.plugins.JvmPlugin))), Clause(Atom(sbt.plugins.SbtPlugin),Set(Atom(sbt.ScriptedPlugin))), Clause(Atom(sbt.plugins.SemanticdbPlugin),Set(Atom(sbt.plugins.JvmPlugin))), Clause(Atom(sbt.plugins.JUnitXmlReportPlugin),Set(Atom(sbt.plugins.JvmPlugin))), Clause(Atom(sbt.plugins.MiniDependencyTreePlugin),Set(Atom(sbt.plugins.JvmPlugin))), Clause(Atom(sbt.plugins.CorePlugin),Set(Atom(sbt.plugins.IvyPlugin))), Clause(Atom(sbt.plugins.IvyPlugin),Set(Atom(sbt.plugins.JvmPlugin))), Clause(Atom(sbt.plugins.JvmPlugin),Set(Atom(sbt.plugins.SemanticdbPlugin))), Clause(Atom(sbt.plugins.JvmPlugin),Set(Atom(sbt.plugins.JUnitXmlReportPlugin))), Clause(Atom(sbt.plugins.CorePlugin),Set(Atom(sbt.plugins.Giter8TemplatePlugin))), Clause(Atom(sbt.plugins.JvmPlugin),Set(Atom(sbt.plugins.MiniDependencyTreePlugin)))))
[debug]   :: deduced result: Matched(sbt.plugins.CorePlugin,sbt.plugins.Giter8TemplatePlugin,sbt.plugins.IvyPlugin,sbt.plugins.JvmPlugin,sbt.plugins.MiniDependencyTreePlugin,sbt.plugins.JUnitXmlReportPlugin,sbt.plugins.SemanticdbPlugin)
[debug] Plugins.deducer#function took 1.4456 ms
[info] loading settings for project menus-build from idea.sbt ...
[debug]               Load.resolveProject(menus-build) took 2.4294ms
[debug]             Load.loadTransitive: finalizeProject(Project(id menus-build, base: C:\Users\35845\IdeaProjects\menus\project, plugins: List(<none>))) took 4.3695ms
[debug] [Loading] Done in C:\Users\35845\IdeaProjects\menus\project, returning: (menus-build)
[debug]           Load.loadUnit: loadedProjectsRaw took 98.5954ms
[debug]           Load.loadUnit: cleanEvalClasses took 3.5361ms
[debug]         Load.loadUnit(file:/C:/Users/35845/IdeaProjects/menus/project/, ...) took 120.6731ms
[debug]       Load.apply: load took 121.8197ms
[debug]       Load.apply: resolveProjects took 0.0767ms
[debug]       Load.apply: finalTransforms took 6.158ms
[debug]       Load.apply: config.delegates took 0.2867ms
[debug]       Load.apply: Def.make(settings)... took 48.2552ms
[debug]       Load.apply: structureIndex took 15.48ms
[debug]       Load.apply: mkStreams took 0.002ms
[info] loading project definition from C:\Users\35845\IdeaProjects\menus\project
[debug] Running task... Cancel: Signal, check cycles: false, forcegc: true
[debug]     Load.loadUnit: plugins took 412.2916ms
[debug]     Load.loadUnit: defsScala took 0.0019ms
[debug] [Loading] Scanning directory C:\Users\35845\IdeaProjects\menus
[debug]       Load.loadUnit: mkEval took 0.1916ms
[debug] [Loading] Found non-root projects 
[debug] [Loading] Done in C:\Users\35845\IdeaProjects\menus, returning: ()
[debug] deducing auto plugins based on known facts Set(Atom(sbt.plugins.CorePlugin)) and clauses Clauses(List(Clause(Atom(sbt.plugins.JvmPlugin),Set(Atom(sbt.plugins.IvyPlugin))), Clause(Atom(sbt.ScriptedPlugin),Set(Atom(sbt.plugins.JvmPlugin))), Clause(Atom(sbt.plugins.SbtPlugin),Set(Atom(sbt.ScriptedPlugin))), Clause(Atom(sbt.plugins.SemanticdbPlugin),Set(Atom(sbt.plugins.JvmPlugin))), Clause(Atom(sbt.plugins.JUnitXmlReportPlugin),Set(Atom(sbt.plugins.JvmPlugin))), Clause(Atom(sbt.plugins.MiniDependencyTreePlugin),Set(Atom(sbt.plugins.JvmPlugin))), Clause(Atom(org.jetbrains.sbt.StructurePlugin),Set(Atom(sbt.plugins.JvmPlugin))), Clause(Atom(org.jetbrains.sbt.IdeaShellPlugin),Set(Atom(sbt.plugins.JvmPlugin))), Clause(Atom(org.jetbrains.sbt.indices.SbtIntellijIndicesPlugin),Set(Atom(sbt.plugins.JvmPlugin))), Clause(Atom(sbt.plugins.CorePlugin),Set(Atom(sbt.plugins.IvyPlugin))), Clause(Atom(sbt.plugins.IvyPlugin),Set(Atom(sbt.plugins.JvmPlugin))), Clause(Atom(sbt.plugins.JvmPlugin),Set(Atom(sbt.plugins.SemanticdbPlugin))), Clause(Atom(sbt.plugins.JvmPlugin),Set(Atom(sbt.plugins.JUnitXmlReportPlugin))), Clause(Atom(sbt.plugins.CorePlugin),Set(Atom(sbt.plugins.Giter8TemplatePlugin))), Clause(Atom(sbt.plugins.JvmPlugin),Set(Atom(sbt.plugins.MiniDependencyTreePlugin))), Clause(Atom(sbt.plugins.JvmPlugin),Set(Atom(org.jetbrains.sbt.StructurePlugin))), Clause(Atom(sbt.plugins.JvmPlugin),Set(Atom(org.jetbrains.sbt.IdeaShellPlugin))), Clause(And(Set(Atom(sbt.plugins.CorePlugin), Atom(sbt.plugins.JvmPlugin))),Set(Atom(org.jetbrains.sbt.indices.SbtIntellijIndicesPlugin)))))
[debug]   :: deduced result: Matched(sbt.plugins.CorePlugin,sbt.plugins.Giter8TemplatePlugin,sbt.plugins.IvyPlugin,sbt.plugins.JvmPlugin,sbt.plugins.SemanticdbPlugin,org.jetbrains.sbt.indices.SbtIntellijIndicesPlugin,sbt.plugins.JUnitXmlReportPlugin,org.jetbrains.sbt.IdeaShellPlugin,org.jetbrains.sbt.StructurePlugin,sbt.plugins.MiniDependencyTreePlugin)
[debug] Plugins.deducer#function took 1.513 ms
[info] loading settings for project menus from build.sbt ...
[debug]         Load.resolveProject(menus) took 18.685ms
[debug]       Load.loadTransitive: finalizeProject(Project(id menus, base: C:\Users\35845\IdeaProjects\menus, plugins: List(<none>))) took 20.9736ms
[debug] [Loading] Done in C:\Users\35845\IdeaProjects\menus, returning: (menus)
[debug]     Load.loadUnit: loadedProjectsRaw took 59.4462ms
[debug]     Load.loadUnit: cleanEvalClasses took 3.5676ms
[debug]   Load.loadUnit(file:/C:/Users/35845/IdeaProjects/menus/, ...) took 475.8102ms
[debug] Load.apply: load took 476.837ms
[debug] Load.apply: resolveProjects took 0.072ms
[debug] Load.apply: finalTransforms took 15.5979ms
[debug] Load.apply: config.delegates took 0.3254ms
[debug] Load.apply: Def.make(settings)... took 40.4122ms
[debug] Load.apply: structureIndex took 13.1513ms
[debug] Load.apply: mkStreams took 0.0015ms
[info] set current project to menus (in build file:/C:/Users/35845/IdeaProjects/menus/)
[debug] > Exec(sbtPopOnFailure, None, None)
[debug] > Exec(resumeFromFailure, None, None)
[debug] > Exec(notifyUsersAboutShell, None, None)
[debug] > Exec(iflast shell, None, None)
[debug] > Exec(; set ideaPort in Global := 62032 ; idea-shell, None, None)
[debug] > Exec(set ideaPort in Global := 62032, None, None)
[info] Defining Global / ideaPort
[info] The new value will be used by Compile / compile, Test / compile
[debug] Defining 
[debug] 	Global / ideaPort
[debug] 
[debug] The new value will be used by 
[debug] 	Compile / compile
[debug] 	Test / compile
[info] Reapplying settings...
[info] set current project to menus (in build file:/C:/Users/35845/IdeaProjects/menus/)
[debug] > Exec(idea-shell, None, None)
